Command line:
   tb_gt_isim_beh.exe
     -simmode  gui
     -simrunnum  0
     -socket  49480

Wed Aug 29 19:12:39 2018


 Elaboration Time: 0.546003 sec

 Current Memory Usage: 1159.59 Meg

 Total Signals          : 12
 Total Nets             : 7
 Total Signal Drivers   : 7
 Total Blocks           : 3
 Total Primitive Blocks : 2
 Total Processes        : 4
 Total Traceable Variables  : 8
 Total Scalar Nets and Variables : 367
Total Line Count : 19

 Total Simulation Time: 0.702005 sec

 Current Memory Usage: 844.993 Meg

Wed Aug 29 19:14:36 2018

