Running: C:\Xilinx\14.7\ISE_DS\ISE\bin\nt64\unwrapped\fuse.exe -intstyle ise -incremental -o C:/Users/thiag/Downloads/logica 10 15/bingray4bits/tb_bingray4_isim_beh.exe -prj C:/Users/thiag/Downloads/logica 10 15/bingray4bits/tb_bingray4_beh.prj work.tb_bingray4 
ISim P.20131013 (signature 0x7708f090)
Number of CPUs detected in this system: 6
Turning on mult-threading, number of parallel sub-compilation jobs: 12 
Determining compilation order of HDL files
Parsing VHDL file "C:/Users/thiag/Downloads/logica 10 15/bingray4bits/bingray4.vhd" into library work
Parsing VHDL file "C:/Users/thiag/Downloads/logica 10 15/bingray4bits/tb_bingray4.vhd" into library work
Starting static elaboration
Completed static elaboration
Compiling package standard
Compiling package std_logic_1164
Compiling package numeric_std
Compiling architecture arq of entity bingray4 [bingray4_default]
Compiling architecture arq of entity tb_bingray4
Time Resolution for simulation is 1ps.
WARNING:Simulator - Unable to copy libPortabilityNOSH.dll to the simulation executable directory: boost::filesystem::copy_file: The system cannot find the path specified, "isim\tb_bingray4_isim_beh.exe.sim\libPortability.dll".
Compiled 6 VHDL Units
Built simulation executable C:/Users/thiag/Downloads/logica 10 15/bingray4bits/tb_bingray4_isim_beh.exe
Fuse Memory Usage: 35144 KB
Fuse CPU Usage: 734 ms
