Command line:
   clock_isim_beh.exe
     -simmode  gui
     -simrunnum  1
     -socket  49226

Sun Dec 02 17:40:03 2018


 Elaboration Time: 0.140625 sec

 Current Memory Usage: 819.638 Meg

 Total Signals          : 3
 Total Nets             : 3
 Total Signal Drivers   : 1
 Total Blocks           : 2
 Total Primitive Blocks : 2
 Total Processes        : 1
 Total Traceable Variables  : 9
 Total Scalar Nets and Variables : 364
Total Line Count : 4

 Total Simulation Time: 0.1875 sec

 Current Memory Usage: 662.352 Meg

Sun Dec 02 17:41:14 2018

