Command line:
   tb_multiplexador_isim_beh.exe
     -simmode  gui
     -simrunnum  0
     -socket  49360

Wed Oct 03 19:11:28 2018


 Elaboration Time: 0.468003 sec

 Current Memory Usage: 1158.63 Meg

 Total Signals          : 6
 Total Nets             : 7
 Total Signal Drivers   : 3
 Total Blocks           : 4
 Total Primitive Blocks : 3
 Total Processes        : 2
 Total Traceable Variables  : 15
 Total Scalar Nets and Variables : 492
Total Line Count : 6

 Total Simulation Time: 0.468003 sec

 Current Memory Usage: 686.756 Meg

Wed Oct 03 19:16:43 2018

