Command line:
   tb_subtrator_isim_beh.exe
     -simmode  gui
     -simrunnum  0
     -socket  52907

Wed Oct 24 19:40:14 2018


 Elaboration Time: 0.046875 sec

 Current Memory Usage: 5173.64 Meg

 Total Signals          : 22
 Total Nets             : 30
 Total Signal Drivers   : 8
 Total Blocks           : 8
 Total Primitive Blocks : 6
 Total Processes        : 7
 Total Traceable Variables  : 18
 Total Scalar Nets and Variables : 518
Total Line Count : 11

 Total Simulation Time: 0.046875 sec

 Current Memory Usage: 5488.21 Meg

Wed Oct 24 19:41:05 2018

