--------------------------------------------------------------------------------
Release 14.7 Trace  (nt64)
Copyright (c) 1995-2013 Xilinx, Inc.  All rights reserved.

C:\Xilinx\14.7\ISE_DS\ISE\bin\nt64\unwrapped\trce.exe -intstyle ise -v 3 -s 4
-n 3 -fastpaths -xml top.twx top.ncd -o top.twr top.pcf -ucf top.ucf

Design file:              top.ncd
Physical constraint file: top.pcf
Device,package,speed:     xc3s100e,cp132,-4 (PRODUCTION 1.27 2013-10-13)
Report level:             verbose report

Environment Variable      Effect 
--------------------      ------ 
NONE                      No environment variables were set
--------------------------------------------------------------------------------

INFO:Timing:2698 - No timing constraints found, doing default enumeration.
INFO:Timing:3412 - To improve timing, see the Timing Closure User Guide (UG612).
INFO:Timing:2752 - To get complete path coverage, use the unconstrained paths 
   option. All paths that are not constrained will be reported in the 
   unconstrained paths section(s) of the report.
INFO:Timing:3339 - The clock-to-out numbers in this timing report are based on 
   a 50 Ohm transmission line loading model.  For the details of this model, 
   and for more information on accounting for different loading conditions, 
   please see the device datasheet.
INFO:Timing:3390 - This architecture does not support a default System Jitter 
   value, please add SYSTEM_JITTER constraint to the UCF to modify the Clock 
   Uncertainty calculation.
INFO:Timing:3389 - This architecture does not support 'Discrete Jitter' and 
   'Phase Error' calculations, these terms will be zero in the Clock 
   Uncertainty calculation.  Please make appropriate modification to 
   SYSTEM_JITTER to account for the unsupported Discrete Jitter and Phase 
   Error.



Data Sheet report:
-----------------
All values displayed in nanoseconds (ns)

Pad to Pad
---------------+---------------+---------+
Source Pad     |Destination Pad|  Delay  |
---------------+---------------+---------+
a<0>           |ponto<0>       |    8.230|
a<0>           |seg7<0>        |   10.377|
a<0>           |seg7<1>        |    9.385|
a<0>           |seg7<2>        |    8.324|
a<0>           |seg7<3>        |    9.824|
a<0>           |seg7<4>        |   10.112|
a<0>           |seg7<6>        |   10.154|
a<1>           |ponto<0>       |    8.643|
a<1>           |seg7<0>        |   10.790|
a<1>           |seg7<1>        |    9.829|
a<1>           |seg7<3>        |   10.237|
a<1>           |seg7<4>        |   10.525|
a<1>           |seg7<6>        |   10.567|
b<0>           |ponto<0>       |    8.032|
b<0>           |seg7<0>        |   10.179|
b<0>           |seg7<1>        |    9.641|
b<0>           |seg7<2>        |    7.546|
b<0>           |seg7<3>        |    9.626|
b<0>           |seg7<4>        |    9.914|
b<0>           |seg7<6>        |    9.956|
b<1>           |ponto<0>       |    8.357|
b<1>           |seg7<0>        |   10.504|
b<1>           |seg7<1>        |    9.908|
b<1>           |seg7<3>        |    9.951|
b<1>           |seg7<4>        |   10.239|
b<1>           |seg7<6>        |   10.281|
seletor<0>     |ponto<0>       |    7.982|
seletor<0>     |seg7<0>        |   10.129|
seletor<0>     |seg7<1>        |    8.980|
seletor<0>     |seg7<3>        |    9.576|
seletor<0>     |seg7<4>        |    9.864|
seletor<0>     |seg7<6>        |    9.906|
---------------+---------------+---------+


Analysis completed Wed Oct 24 15:32:32 2018 
--------------------------------------------------------------------------------

Trace Settings:
-------------------------
Trace Settings 

Peak Memory Usage: 4486 MB



