Release 14.7 - xst P.20131013 (nt64)
Copyright (c) 1995-2013 Xilinx, Inc.  All rights reserved.
--> Parameter TMPDIR set to xst/projnav.tmp


Total REAL time to Xst completion: 0.00 secs
Total CPU time to Xst completion: 0.12 secs
 
--> Parameter xsthdpdir set to xst


Total REAL time to Xst completion: 0.00 secs
Total CPU time to Xst completion: 0.12 secs
 
--> Reading design: top.prj

TABLE OF CONTENTS
  1) Synthesis Options Summary
  2) HDL Compilation
  3) Design Hierarchy Analysis
  4) HDL Analysis
  5) HDL Synthesis
     5.1) HDL Synthesis Report
  6) Advanced HDL Synthesis
     6.1) Advanced HDL Synthesis Report
  7) Low Level Synthesis
  8) Partition Report
  9) Final Report
	9.1) Device utilization summary
	9.2) Partition Resource Summary
	9.3) TIMING REPORT


=========================================================================
*                      Synthesis Options Summary                        *
=========================================================================
---- Source Parameters
Input File Name                    : "top.prj"
Input Format                       : mixed
Ignore Synthesis Constraint File   : NO

---- Target Parameters
Output File Name                   : "top"
Output Format                      : NGC
Target Device                      : xc3s100e-4-cp132

---- Source Options
Top Module Name                    : top
Automatic FSM Extraction           : YES
FSM Encoding Algorithm             : Auto
Safe Implementation                : No
FSM Style                          : LUT
RAM Extraction                     : Yes
RAM Style                          : Auto
ROM Extraction                     : Yes
Mux Style                          : Auto
Decoder Extraction                 : YES
Priority Encoder Extraction        : Yes
Shift Register Extraction          : YES
Logical Shifter Extraction         : YES
XOR Collapsing                     : YES
ROM Style                          : Auto
Mux Extraction                     : Yes
Resource Sharing                   : YES
Asynchronous To Synchronous        : NO
Multiplier Style                   : Auto
Automatic Register Balancing       : No

---- Target Options
Add IO Buffers                     : YES
Global Maximum Fanout              : 100000
Add Generic Clock Buffer(BUFG)     : 24
Register Duplication               : YES
Slice Packing                      : YES
Optimize Instantiated Primitives   : NO
Use Clock Enable                   : Yes
Use Synchronous Set                : Yes
Use Synchronous Reset              : Yes
Pack IO Registers into IOBs        : Auto
Equivalent register Removal        : YES

---- General Options
Optimization Goal                  : Speed
Optimization Effort                : 1
Keep Hierarchy                     : No
Netlist Hierarchy                  : As_Optimized
RTL Output                         : Yes
Global Optimization                : AllClockNets
Read Cores                         : YES
Write Timing Constraints           : NO
Cross Clock Analysis               : NO
Hierarchy Separator                : /
Bus Delimiter                      : <>
Case Specifier                     : Maintain
Slice Utilization Ratio            : 100
BRAM Utilization Ratio             : 100
Verilog 2001                       : YES
Auto BRAM Packing                  : NO
Slice Utilization Ratio Delta      : 5

=========================================================================


=========================================================================
*                          HDL Compilation                              *
=========================================================================
Compiling vhdl file "C:/.Xilinx/pacotes9/meu_pacote.vhd" in Library work.
Compiling vhdl file "C:/.Xilinx/pacotes9/somador.vhd" in Library work.
Architecture arq of Entity somador is up to date.
Compiling vhdl file "C:/.Xilinx/pacotes9/subtrator.vhd" in Library work.
Architecture arq of Entity subtrator is up to date.
Compiling vhdl file "C:/.Xilinx/pacotes9/multiplexador.vhd" in Library work.
Architecture arq of Entity multiplexador is up to date.
Compiling vhdl file "C:/.Xilinx/pacotes9/decodbcd.vhd" in Library work.
Architecture arq of Entity hex7seg is up to date.
Compiling vhdl file "C:/.Xilinx/pacotes9/top.vhd" in Library work.
Entity <top> compiled.
Entity <top> (Architecture <arq>) compiled.

=========================================================================
*                     Design Hierarchy Analysis                         *
=========================================================================
Analyzing hierarchy for entity <top> in library <work> (architecture <arq>) with generics.
	N = 3

Analyzing hierarchy for entity <somador> in library <work> (architecture <arq>) with generics.
	N = 3

Analyzing hierarchy for entity <subtrator> in library <work> (architecture <arq>) with generics.
	N = 3

Analyzing hierarchy for entity <multiplexador> in library <work> (architecture <arq>) with generics.
	N = 3

Analyzing hierarchy for entity <hex7seg> in library <work> (architecture <arq>) with generics.
	N = 3


=========================================================================
*                            HDL Analysis                               *
=========================================================================
Analyzing generic Entity <top> in library <work> (Architecture <arq>).
	N = 3
Entity <top> analyzed. Unit <top> generated.

Analyzing generic Entity <somador> in library <work> (Architecture <arq>).
	N = 3
Entity <somador> analyzed. Unit <somador> generated.

Analyzing generic Entity <subtrator> in library <work> (Architecture <arq>).
	N = 3
Entity <subtrator> analyzed. Unit <subtrator> generated.

Analyzing generic Entity <multiplexador> in library <work> (Architecture <arq>).
	N = 3
Entity <multiplexador> analyzed. Unit <multiplexador> generated.

Analyzing generic Entity <hex7seg> in library <work> (Architecture <arq>).
	N = 3
WARNING:Xst:795 - "C:/.Xilinx/pacotes9/decodbcd.vhd" line 18: Size of operands are different : result is <false>.
WARNING:Xst:795 - "C:/.Xilinx/pacotes9/decodbcd.vhd" line 18: Size of operands are different : result is <false>.
WARNING:Xst:795 - "C:/.Xilinx/pacotes9/decodbcd.vhd" line 18: Size of operands are different : result is <false>.
WARNING:Xst:795 - "C:/.Xilinx/pacotes9/decodbcd.vhd" line 18: Size of operands are different : result is <false>.
WARNING:Xst:795 - "C:/.Xilinx/pacotes9/decodbcd.vhd" line 18: Size of operands are different : result is <false>.
WARNING:Xst:795 - "C:/.Xilinx/pacotes9/decodbcd.vhd" line 18: Size of operands are different : result is <false>.
WARNING:Xst:795 - "C:/.Xilinx/pacotes9/decodbcd.vhd" line 18: Size of operands are different : result is <false>.
WARNING:Xst:795 - "C:/.Xilinx/pacotes9/decodbcd.vhd" line 18: Size of operands are different : result is <false>.
WARNING:Xst:795 - "C:/.Xilinx/pacotes9/decodbcd.vhd" line 18: Size of operands are different : result is <false>.
WARNING:Xst:795 - "C:/.Xilinx/pacotes9/decodbcd.vhd" line 18: Size of operands are different : result is <false>.
WARNING:Xst:795 - "C:/.Xilinx/pacotes9/decodbcd.vhd" line 18: Size of operands are different : result is <false>.
WARNING:Xst:795 - "C:/.Xilinx/pacotes9/decodbcd.vhd" line 18: Size of operands are different : result is <false>.
WARNING:Xst:795 - "C:/.Xilinx/pacotes9/decodbcd.vhd" line 18: Size of operands are different : result is <false>.
WARNING:Xst:795 - "C:/.Xilinx/pacotes9/decodbcd.vhd" line 18: Size of operands are different : result is <false>.
WARNING:Xst:795 - "C:/.Xilinx/pacotes9/decodbcd.vhd" line 18: Size of operands are different : result is <false>.
Entity <hex7seg> analyzed. Unit <hex7seg> generated.


=========================================================================
*                           HDL Synthesis                               *
=========================================================================

Performing bidirectional port resolution...

Synthesizing Unit <somador>.
    Related source file is "C:/.Xilinx/pacotes9/somador.vhd".
    Found 3-bit adder carry out for signal <ts$addsub0001> created at line 16.
    Summary:
	inferred   1 Adder/Subtractor(s).
Unit <somador> synthesized.


Synthesizing Unit <subtrator>.
    Related source file is "C:/.Xilinx/pacotes9/subtrator.vhd".
    Found 4-bit subtractor for signal <ts$addsub0000> created at line 16.
    Summary:
	inferred   1 Adder/Subtractor(s).
Unit <subtrator> synthesized.


Synthesizing Unit <multiplexador>.
    Related source file is "C:/.Xilinx/pacotes9/multiplexador.vhd".
Unit <multiplexador> synthesized.


Synthesizing Unit <hex7seg>.
    Related source file is "C:/.Xilinx/pacotes9/decodbcd.vhd".
Unit <hex7seg> synthesized.


Synthesizing Unit <top>.
    Related source file is "C:/.Xilinx/pacotes9/top.vhd".
Unit <top> synthesized.


=========================================================================
HDL Synthesis Report

Macro Statistics
# Adders/Subtractors                                   : 2
 3-bit adder carry out                                 : 1
 4-bit subtractor                                      : 1

=========================================================================

=========================================================================
*                       Advanced HDL Synthesis                          *
=========================================================================


=========================================================================
Advanced HDL Synthesis Report

Macro Statistics
# Adders/Subtractors                                   : 2
 3-bit adder carry out                                 : 1
 4-bit subtractor                                      : 1

=========================================================================

=========================================================================
*                         Low Level Synthesis                           *
=========================================================================

Optimizing unit <top> ...

Mapping all equations...
Building and optimizing final netlist ...
Found area constraint ratio of 100 (+ 5) on block top, actual ratio is 4.

Final Macro Processing ...

=========================================================================
Final Register Report

Found no macro
=========================================================================

=========================================================================
*                           Partition Report                            *
=========================================================================

Partition Implementation Status
-------------------------------

  No Partitions were found in this design.

-------------------------------

=========================================================================
*                            Final Report                               *
=========================================================================
Final Results
RTL Top Level Output File Name     : top.ngr
Top Level Output File Name         : top
Output Format                      : NGC
Optimization Goal                  : Speed
Keep Hierarchy                     : No

Design Statistics
# IOs                              : 19

Cell Usage :
# BELS                             : 66
#      GND                         : 1
#      LUT2                        : 2
#      LUT3                        : 8
#      LUT4                        : 47
#      MUXF5                       : 7
#      VCC                         : 1
# IO Buffers                       : 19
#      IBUF                        : 7
#      OBUF                        : 12
=========================================================================

Device utilization summary:
---------------------------

Selected Device : 3s100ecp132-4 

 Number of Slices:                       33  out of    960     3%  
 Number of 4 input LUTs:                 57  out of   1920     2%  
 Number of IOs:                          19
 Number of bonded IOBs:                  19  out of     83    22%  

---------------------------
Partition Resource Summary:
---------------------------

  No Partitions were found in this design.

---------------------------


=========================================================================
TIMING REPORT

NOTE: THESE TIMING NUMBERS ARE ONLY A SYNTHESIS ESTIMATE.
      FOR ACCURATE TIMING INFORMATION PLEASE REFER TO THE TRACE REPORT
      GENERATED AFTER PLACE-and-ROUTE.

Clock Information:
------------------
No clock signals found in this design

Asynchronous Control Signals Information:
----------------------------------------
No asynchronous control signals found in this design

Timing Summary:
---------------
Speed Grade: -4

   Minimum period: No path found
   Minimum input arrival time before clock: No path found
   Maximum output required time after clock: No path found
   Maximum combinational path delay: 16.710ns

Timing Detail:
--------------
All values displayed in nanoseconds (ns)

=========================================================================
Timing constraint: Default path analysis
  Total number of paths / destination ports: 1609 / 8
-------------------------------------------------------------------------
Delay:               16.710ns (Levels of Logic = 11)
  Source:            a<0> (PAD)
  Destination:       seg7<3> (PAD)

  Data Path: a<0> to seg7<3>
                                Gate     Net
    Cell:in->out      fanout   Delay   Delay  Logical Name (Net Name)
    ----------------------------------------  ------------
     IBUF:I->O             9   1.218   0.899  a_0_IBUF (a_0_IBUF)
     LUT4:I1->O            3   0.704   0.706  map_3/Msub_ts_addsub0000_cy<1>11 (map_3/Msub_ts_addsub0000_cy<1>)
     LUT4:I0->O            4   0.704   0.762  map_5/ponto_0_mux00001 (ponto_0_OBUF)
     LUT3:I0->O           13   0.704   1.158  map_4/saida<3>1 (saida<3>)
     LUT4:I0->O            5   0.704   0.637  map_5/seg7_cmp_eq001011 (N25)
     LUT4:I3->O            4   0.704   0.762  map_5/seg7_and00061 (map_5/seg7_and0006)
     LUT4:I0->O            1   0.704   0.424  map_5/seg7<3>419_SW0 (N46)
     LUT4:I3->O            1   0.704   0.499  map_5/seg7<3>419 (map_5/seg7<3>419)
     LUT4:I1->O            1   0.704   0.000  map_5/seg7<3>114_G (N77)
     MUXF5:I1->O           1   0.321   0.420  map_5/seg7<3>114 (seg7_3_OBUF)
     OBUF:I->O                 3.272          seg7_3_OBUF (seg7<3>)
    ----------------------------------------
    Total                     16.710ns (10.443ns logic, 6.267ns route)
                                       (62.5% logic, 37.5% route)

=========================================================================


Total REAL time to Xst completion: 6.00 secs
Total CPU time to Xst completion: 6.12 secs
 
--> 

Total memory usage is 4534460 kilobytes

Number of errors   :    0 (   0 filtered)
Number of warnings :   15 (   0 filtered)
Number of infos    :    0 (   0 filtered)

