--------------------------------------------------------------------------------
Release 14.7 Trace  (nt64)
Copyright (c) 1995-2013 Xilinx, Inc.  All rights reserved.

C:\Xilinx\14.7\ISE_DS\ISE\bin\nt64\unwrapped\trce.exe -intstyle ise -v 3 -s 4
-n 3 -fastpaths -xml top.twx top.ncd -o top.twr top.pcf -ucf top.ucf

Design file:              top.ncd
Physical constraint file: top.pcf
Device,package,speed:     xc3s100e,cp132,-4 (PRODUCTION 1.27 2013-10-13)
Report level:             verbose report

Environment Variable      Effect 
--------------------      ------ 
NONE                      No environment variables were set
--------------------------------------------------------------------------------

INFO:Timing:2698 - No timing constraints found, doing default enumeration.
INFO:Timing:3412 - To improve timing, see the Timing Closure User Guide (UG612).
INFO:Timing:2752 - To get complete path coverage, use the unconstrained paths 
   option. All paths that are not constrained will be reported in the 
   unconstrained paths section(s) of the report.
INFO:Timing:3339 - The clock-to-out numbers in this timing report are based on 
   a 50 Ohm transmission line loading model.  For the details of this model, 
   and for more information on accounting for different loading conditions, 
   please see the device datasheet.
INFO:Timing:3390 - This architecture does not support a default System Jitter 
   value, please add SYSTEM_JITTER constraint to the UCF to modify the Clock 
   Uncertainty calculation.
INFO:Timing:3389 - This architecture does not support 'Discrete Jitter' and 
   'Phase Error' calculations, these terms will be zero in the Clock 
   Uncertainty calculation.  Please make appropriate modification to 
   SYSTEM_JITTER to account for the unsupported Discrete Jitter and Phase 
   Error.



Data Sheet report:
-----------------
All values displayed in nanoseconds (ns)

Pad to Pad
---------------+---------------+---------+
Source Pad     |Destination Pad|  Delay  |
---------------+---------------+---------+
hex<0>         |seg7<0>        |    8.287|
hex<0>         |seg7<1>        |    8.345|
hex<0>         |seg7<2>        |    8.216|
hex<0>         |seg7<3>        |    8.393|
hex<0>         |seg7<4>        |    8.133|
hex<0>         |seg7<5>        |    8.539|
hex<0>         |seg7<6>        |    8.215|
hex<1>         |seg7<0>        |    7.466|
hex<1>         |seg7<1>        |    7.691|
hex<1>         |seg7<2>        |    7.504|
hex<1>         |seg7<3>        |    7.739|
hex<1>         |seg7<4>        |    7.421|
hex<1>         |seg7<5>        |    9.128|
hex<1>         |seg7<6>        |    7.434|
hex<2>         |seg7<0>        |    8.445|
hex<2>         |seg7<1>        |    8.491|
hex<2>         |seg7<2>        |    8.331|
hex<2>         |seg7<3>        |    8.539|
hex<2>         |seg7<4>        |    8.248|
hex<2>         |seg7<5>        |    9.163|
hex<2>         |seg7<6>        |    8.408|
hex<3>         |seg7<0>        |    9.006|
hex<3>         |seg7<1>        |    9.221|
hex<3>         |seg7<2>        |    9.099|
hex<3>         |seg7<3>        |    9.269|
hex<3>         |seg7<4>        |    9.016|
hex<3>         |seg7<5>        |    8.516|
hex<3>         |seg7<6>        |    8.909|
---------------+---------------+---------+


Analysis completed Wed Oct 17 19:30:00 2018 
--------------------------------------------------------------------------------

Trace Settings:
-------------------------
Trace Settings 

Peak Memory Usage: 4486 MB



