Running: C:\Xilinx\14.7\ISE_DS\ISE\bin\nt64\unwrapped\fuse.exe -intstyle ise -incremental -o C:/Users/El/Desktop/logicareconfiguravel/exercicio4/tbsubtrator_isim_beh.exe -prj C:/Users/El/Desktop/logicareconfiguravel/exercicio4/tbsubtrator_beh.prj work.tbsubtrator 
ISim P.20131013 (signature 0x7708f090)
Number of CPUs detected in this system: 4
Turning on mult-threading, number of parallel sub-compilation jobs: 8 
Determining compilation order of HDL files
Parsing VHDL file "C:/Users/El/Desktop/logicareconfiguravel/exercicio4/exercicio4.vhd" into library work
Parsing VHDL file "C:/Users/El/Desktop/logicareconfiguravel/exercicio4/tb_exercicio4.vhd" into library work
Starting static elaboration
Completed static elaboration
Compiling package standard
Compiling package std_logic_1164
Compiling package numeric_std
Compiling architecture arqs of entity subtrator [subtrator_default]
Compiling architecture arqs of entity tbsubtrator
Time Resolution for simulation is 1ps.
Waiting for 1 sub-compilation(s) to finish...
Compiled 6 VHDL Units
Built simulation executable C:/Users/El/Desktop/logicareconfiguravel/exercicio4/tbsubtrator_isim_beh.exe
Fuse Memory Usage: 35580 KB
Fuse CPU Usage: 546 ms
