Release 14.7 - xst P.20131013 (nt64)
Copyright (c) 1995-2013 Xilinx, Inc.  All rights reserved.
--> Parameter TMPDIR set to xst/projnav.tmp


Total REAL time to Xst completion: 1.00 secs
Total CPU time to Xst completion: 0.93 secs
 
--> Parameter xsthdpdir set to xst


Total REAL time to Xst completion: 1.00 secs
Total CPU time to Xst completion: 0.94 secs
 
--> Reading design: top.prj

TABLE OF CONTENTS
  1) Synthesis Options Summary
  2) HDL Compilation
  3) Design Hierarchy Analysis
  4) HDL Analysis
  5) HDL Synthesis
     5.1) HDL Synthesis Report
  6) Advanced HDL Synthesis
     6.1) Advanced HDL Synthesis Report
  7) Low Level Synthesis
  8) Partition Report
  9) Final Report
	9.1) Device utilization summary
	9.2) Partition Resource Summary
	9.3) TIMING REPORT


=========================================================================
*                      Synthesis Options Summary                        *
=========================================================================
---- Source Parameters
Input File Name                    : "top.prj"
Input Format                       : mixed
Ignore Synthesis Constraint File   : NO

---- Target Parameters
Output File Name                   : "top"
Output Format                      : NGC
Target Device                      : xc3s100e-4-cp132

---- Source Options
Top Module Name                    : top
Automatic FSM Extraction           : YES
FSM Encoding Algorithm             : Auto
Safe Implementation                : No
FSM Style                          : LUT
RAM Extraction                     : Yes
RAM Style                          : Auto
ROM Extraction                     : Yes
Mux Style                          : Auto
Decoder Extraction                 : YES
Priority Encoder Extraction        : Yes
Shift Register Extraction          : YES
Logical Shifter Extraction         : YES
XOR Collapsing                     : YES
ROM Style                          : Auto
Mux Extraction                     : Yes
Resource Sharing                   : YES
Asynchronous To Synchronous        : NO
Multiplier Style                   : Auto
Automatic Register Balancing       : No

---- Target Options
Add IO Buffers                     : YES
Global Maximum Fanout              : 100000
Add Generic Clock Buffer(BUFG)     : 24
Register Duplication               : YES
Slice Packing                      : YES
Optimize Instantiated Primitives   : NO
Use Clock Enable                   : Yes
Use Synchronous Set                : Yes
Use Synchronous Reset              : Yes
Pack IO Registers into IOBs        : Auto
Equivalent register Removal        : YES

---- General Options
Optimization Goal                  : Speed
Optimization Effort                : 1
Keep Hierarchy                     : No
Netlist Hierarchy                  : As_Optimized
RTL Output                         : Yes
Global Optimization                : AllClockNets
Read Cores                         : YES
Write Timing Constraints           : NO
Cross Clock Analysis               : NO
Hierarchy Separator                : /
Bus Delimiter                      : <>
Case Specifier                     : Maintain
Slice Utilization Ratio            : 100
BRAM Utilization Ratio             : 100
Verilog 2001                       : YES
Auto BRAM Packing                  : NO
Slice Utilization Ratio Delta      : 5

=========================================================================


=========================================================================
*                          HDL Compilation                              *
=========================================================================
WARNING:HDLParsers:3607 - Unit work/top is now defined in a different file.  It was defined in "C:/Users/Iury/Desktop/logica1107/logica1107/conta0100/mostra1234.vhd", and is now defined in "C:/.Xilinx/conta0100/mostra1234.vhd".
WARNING:HDLParsers:3607 - Unit work/top/arq is now defined in a different file.  It was defined in "C:/Users/Iury/Desktop/logica1107/logica1107/conta0100/mostra1234.vhd", and is now defined in "C:/.Xilinx/conta0100/mostra1234.vhd".
WARNING:HDLParsers:3607 - Unit work/clock is now defined in a different file.  It was defined in "C:/Users/Iury/Desktop/logica1107/logica1107/conta0100/clock.vhd", and is now defined in "C:/.Xilinx/conta0100/clock.vhd".
WARNING:HDLParsers:3607 - Unit work/clock/arq is now defined in a different file.  It was defined in "C:/Users/Iury/Desktop/logica1107/logica1107/conta0100/clock.vhd", and is now defined in "C:/.Xilinx/conta0100/clock.vhd".
WARNING:HDLParsers:3607 - Unit work/clock2 is now defined in a different file.  It was defined in "C:/Users/Iury/Desktop/logica1107/logica1107/conta0100/clock2.vhd", and is now defined in "C:/.Xilinx/conta0100/clock2.vhd".
WARNING:HDLParsers:3607 - Unit work/clock2/arq is now defined in a different file.  It was defined in "C:/Users/Iury/Desktop/logica1107/logica1107/conta0100/clock2.vhd", and is now defined in "C:/.Xilinx/conta0100/clock2.vhd".
WARNING:HDLParsers:3607 - Unit work/conversor7seg is now defined in a different file.  It was defined in "C:/Users/Iury/Desktop/logica1107/logica1107/conta0100/conversor7seg.vhd", and is now defined in "C:/.Xilinx/conta0100/conversor7seg.vhd".
WARNING:HDLParsers:3607 - Unit work/conversor7seg/arq is now defined in a different file.  It was defined in "C:/Users/Iury/Desktop/logica1107/logica1107/conta0100/conversor7seg.vhd", and is now defined in "C:/.Xilinx/conta0100/conversor7seg.vhd".
WARNING:HDLParsers:3607 - Unit work/mandaDisp is now defined in a different file.  It was defined in "C:/Users/Iury/Desktop/logica1107/logica1107/conta0100/mandaDisp.vhd", and is now defined in "C:/.Xilinx/conta0100/mandaDisp.vhd".
WARNING:HDLParsers:3607 - Unit work/mandaDisp/arq is now defined in a different file.  It was defined in "C:/Users/Iury/Desktop/logica1107/logica1107/conta0100/mandaDisp.vhd", and is now defined in "C:/.Xilinx/conta0100/mandaDisp.vhd".
WARNING:HDLParsers:3607 - Unit work/seletorDisplay is now defined in a different file.  It was defined in "C:/Users/Iury/Desktop/logica1107/logica1107/conta0100/seletorDisplay.vhd", and is now defined in "C:/.Xilinx/conta0100/seletorDisplay.vhd".
WARNING:HDLParsers:3607 - Unit work/seletorDisplay/arq is now defined in a different file.  It was defined in "C:/Users/Iury/Desktop/logica1107/logica1107/conta0100/seletorDisplay.vhd", and is now defined in "C:/.Xilinx/conta0100/seletorDisplay.vhd".
WARNING:HDLParsers:3607 - Unit work/seletorNum is now defined in a different file.  It was defined in "C:/Users/Iury/Desktop/logica1107/logica1107/conta0100/seletorNum.vhd", and is now defined in "C:/.Xilinx/conta0100/seletorNum.vhd".
WARNING:HDLParsers:3607 - Unit work/seletorNum/arq is now defined in a different file.  It was defined in "C:/Users/Iury/Desktop/logica1107/logica1107/conta0100/seletorNum.vhd", and is now defined in "C:/.Xilinx/conta0100/seletorNum.vhd".
WARNING:HDLParsers:3607 - Unit work/meu_pacote is now defined in a different file.  It was defined in "C:/Users/Iury/Desktop/logica1107/logica1107/conta0100/meu_pacote.vhd", and is now defined in "C:/.Xilinx/conta0100/meu_pacote.vhd".
WARNING:HDLParsers:3607 - Unit work/meu_pacote is now defined in a different file.  It was defined in "C:/Users/Iury/Desktop/logica1107/logica1107/conta0100/meu_pacote.vhd", and is now defined in "C:/.Xilinx/conta0100/meu_pacote.vhd".
Compiling vhdl file "C:/.Xilinx/conta0100/meu_pacote.vhd" in Library work.
Architecture meu_pacote of Entity meu_pacote is up to date.
Compiling vhdl file "C:/.Xilinx/conta0100/clock.vhd" in Library work.
Architecture arq of Entity clock is up to date.
Compiling vhdl file "C:/.Xilinx/conta0100/clock2.vhd" in Library work.
Architecture arq of Entity clock2 is up to date.
Compiling vhdl file "C:/.Xilinx/conta0100/seletorDisplay.vhd" in Library work.
Architecture arq of Entity seletordisplay is up to date.
Compiling vhdl file "C:/.Xilinx/conta0100/seletorNum.vhd" in Library work.
Architecture arq of Entity seletornum is up to date.
Compiling vhdl file "C:/.Xilinx/conta0100/conversor7seg.vhd" in Library work.
Architecture arq of Entity conversor7seg is up to date.
Compiling vhdl file "C:/.Xilinx/conta0100/mandaDisp.vhd" in Library work.
Architecture arq of Entity mandadisp is up to date.
Compiling vhdl file "C:/.Xilinx/conta0100/mostra1234.vhd" in Library work.
Architecture arq of Entity top is up to date.

=========================================================================
*                     Design Hierarchy Analysis                         *
=========================================================================
Analyzing hierarchy for entity <top> in library <work> (architecture <arq>).

Analyzing hierarchy for entity <clock> in library <work> (architecture <arq>).

Analyzing hierarchy for entity <clock2> in library <work> (architecture <arq>).

Analyzing hierarchy for entity <seletorDisplay> in library <work> (architecture <arq>).

Analyzing hierarchy for entity <seletorNum> in library <work> (architecture <arq>).

Analyzing hierarchy for entity <conversor7seg> in library <work> (architecture <arq>).

Analyzing hierarchy for entity <mandaDisp> in library <work> (architecture <arq>).


=========================================================================
*                            HDL Analysis                               *
=========================================================================
Analyzing Entity <top> in library <work> (Architecture <arq>).
Entity <top> analyzed. Unit <top> generated.

Analyzing Entity <clock> in library <work> (Architecture <arq>).
Entity <clock> analyzed. Unit <clock> generated.

Analyzing Entity <clock2> in library <work> (Architecture <arq>).
Entity <clock2> analyzed. Unit <clock2> generated.

Analyzing Entity <seletorDisplay> in library <work> (Architecture <arq>).
Entity <seletorDisplay> analyzed. Unit <seletorDisplay> generated.

Analyzing Entity <seletorNum> in library <work> (Architecture <arq>).
WARNING:Xst:819 - "C:/.Xilinx/conta0100/seletorNum.vhd" line 22: One or more signals are missing in the process sensitivity list. To enable synthesis of FPGA/CPLD hardware, XST will assume that all necessary signals are present in the sensitivity list. Please note that the result of the synthesis may differ from the initial design specification. The missing signals are:
   <centenas>, <dezenas>, <unidades>
Entity <seletorNum> analyzed. Unit <seletorNum> generated.

Analyzing Entity <conversor7seg> in library <work> (Architecture <arq>).
INFO:Xst:1561 - "C:/.Xilinx/conta0100/conversor7seg.vhd" line 30: Mux is complete : default of case is discarded
Entity <conversor7seg> analyzed. Unit <conversor7seg> generated.

Analyzing Entity <mandaDisp> in library <work> (Architecture <arq>).
Entity <mandaDisp> analyzed. Unit <mandaDisp> generated.


=========================================================================
*                           HDL Synthesis                               *
=========================================================================

Performing bidirectional port resolution...

Synthesizing Unit <clock>.
    Related source file is "C:/.Xilinx/conta0100/clock.vhd".
    Found 1-bit register for signal <clk>.
    Found 16-bit up counter for signal <i>.
    Found 1-bit register for signal <v_clk>.
    Found 16-bit adder for signal <v_clk$add0000> created at line 18.
    Summary:
	inferred   1 Counter(s).
	inferred   2 D-type flip-flop(s).
	inferred   1 Adder/Subtractor(s).
Unit <clock> synthesized.


Synthesizing Unit <clock2>.
    Related source file is "C:/.Xilinx/conta0100/clock2.vhd".
    Found 1-bit register for signal <clk>.
    Found 32-bit register for signal <cont>.
    Found 7-bit register for signal <contador>.
    Found 25-bit adder for signal <contador$add0000> created at line 19.
    Found 7-bit adder for signal <contador$addsub0000> created at line 20.
    Found 25-bit up counter for signal <i>.
    Found 1-bit register for signal <v_clk>.
    Summary:
	inferred   1 Counter(s).
	inferred  41 D-type flip-flop(s).
	inferred   2 Adder/Subtractor(s).
Unit <clock2> synthesized.


Synthesizing Unit <seletorDisplay>.
    Related source file is "C:/.Xilinx/conta0100/seletorDisplay.vhd".
    Found 4-bit register for signal <display>.
    Found 3-bit register for signal <i>.
    Found 3-bit adder for signal <i$addsub0000> created at line 15.
    Summary:
	inferred   7 D-type flip-flop(s).
	inferred   1 Adder/Subtractor(s).
Unit <seletorDisplay> synthesized.


Synthesizing Unit <seletorNum>.
    Related source file is "C:/.Xilinx/conta0100/seletorNum.vhd".
WARNING:Xst:647 - Input <numero<31:8>> is never used. This port will be preserved and left unconnected if it belongs to a top-level block or it belongs to a sub-block and the hierarchy of this sub-block is preserved.
WARNING:Xst:737 - Found 4-bit latch for signal <num>. Latches may be generated from incomplete case or if statements. We do not recommend the use of latches in FPGA/CPLD designs, as they may lead to timing problems.
INFO:Xst:2371 - HDL ADVISOR - Logic functions respectively driving the data and gate enable inputs of this latch share common terms. This situation will potentially lead to setup/hold violations and, as a result, to simulation problems. This situation may come from an incomplete case statement (all selector values are not covered). You should carefully review if it was in your intentions to describe such a latch.
    Found 4-bit comparator greater for signal <bcd_3$cmp_gt0000> created at line 49.
    Found 4-bit comparator greater for signal <bcd_3$cmp_gt0001> created at line 49.
    Found 4-bit comparator greater for signal <bcd_3$cmp_gt0002> created at line 49.
    Found 4-bit comparator greater for signal <bcd_3$cmp_gt0003> created at line 49.
    Found 4-bit comparator greater for signal <bcd_3$cmp_gt0004> created at line 49.
    Found 4-bit adder for signal <bcd_3_0$add0000> created at line 51.
    Found 4-bit adder for signal <bcd_3_0$add0001> created at line 51.
    Found 4-bit adder for signal <bcd_3_0$add0002> created at line 51.
    Found 4-bit adder for signal <bcd_3_0$add0003> created at line 51.
    Found 4-bit adder for signal <bcd_3_0$add0004> created at line 51.
    Found 4-bit comparator greater for signal <bcd_7$cmp_gt0000> created at line 53.
    Found 4-bit comparator greater for signal <bcd_7$cmp_gt0001> created at line 53.
    Found 4-bit adder for signal <bcd_7_4$add0000> created at line 55.
    Found 4-bit adder for signal <bcd_7_4$add0001> created at line 55.
    Summary:
	inferred   7 Adder/Subtractor(s).
	inferred   7 Comparator(s).
Unit <seletorNum> synthesized.


Synthesizing Unit <conversor7seg>.
    Related source file is "C:/.Xilinx/conta0100/conversor7seg.vhd".
    Found 16x7-bit ROM for signal <seg7>.
    Summary:
	inferred   1 ROM(s).
Unit <conversor7seg> synthesized.


Synthesizing Unit <mandaDisp>.
    Related source file is "C:/.Xilinx/conta0100/mandaDisp.vhd".
Unit <mandaDisp> synthesized.


Synthesizing Unit <top>.
    Related source file is "C:/.Xilinx/conta0100/mostra1234.vhd".
WARNING:Xst:646 - Signal <clk2> is assigned but never used. This unconnected signal will be trimmed during the optimization process.
Unit <top> synthesized.


=========================================================================
HDL Synthesis Report

Macro Statistics
# ROMs                                                 : 1
 16x7-bit ROM                                          : 1
# Adders/Subtractors                                   : 11
 16-bit adder                                          : 1
 25-bit adder                                          : 1
 3-bit adder                                           : 1
 4-bit adder                                           : 7
 7-bit adder                                           : 1
# Counters                                             : 2
 16-bit up counter                                     : 1
 25-bit up counter                                     : 1
# Registers                                            : 8
 1-bit register                                        : 4
 3-bit register                                        : 1
 32-bit register                                       : 1
 4-bit register                                        : 1
 7-bit register                                        : 1
# Latches                                              : 1
 4-bit latch                                           : 1
# Comparators                                          : 7
 4-bit comparator greater                              : 7

=========================================================================

=========================================================================
*                       Advanced HDL Synthesis                          *
=========================================================================

INFO:Xst:2261 - The FF/Latch <cont_7> in Unit <map_2> is equivalent to the following 24 FFs/Latches, which will be removed : <cont_8> <cont_9> <cont_10> <cont_11> <cont_12> <cont_13> <cont_14> <cont_15> <cont_16> <cont_17> <cont_18> <cont_19> <cont_20> <cont_21> <cont_22> <cont_23> <cont_24> <cont_25> <cont_26> <cont_27> <cont_28> <cont_29> <cont_30> <cont_31> 
WARNING:Xst:1710 - FF/Latch <cont_7> (without init value) has a constant value of 0 in block <map_2>. This FF/Latch will be trimmed during the optimization process.
WARNING:Xst:2404 -  FFs/Latches <cont<31:7>> (without init value) have a constant value of 0 in block <clock2>.

=========================================================================
Advanced HDL Synthesis Report

Macro Statistics
# ROMs                                                 : 1
 16x7-bit ROM                                          : 1
# Adders/Subtractors                                   : 11
 16-bit adder                                          : 1
 25-bit adder                                          : 1
 3-bit adder                                           : 1
 4-bit adder                                           : 7
 7-bit adder                                           : 1
# Counters                                             : 2
 16-bit up counter                                     : 1
 25-bit up counter                                     : 1
# Registers                                            : 25
 Flip-Flops                                            : 25
# Latches                                              : 1
 4-bit latch                                           : 1
# Comparators                                          : 7
 4-bit comparator greater                              : 7

=========================================================================

=========================================================================
*                         Low Level Synthesis                           *
=========================================================================
WARNING:Xst:2677 - Node <map_2/v_clk> of sequential type is unconnected in block <top>.
WARNING:Xst:2677 - Node <map_2/clk> of sequential type is unconnected in block <top>.

Optimizing unit <top> ...

Optimizing unit <seletorDisplay> ...
WARNING:Xst:1710 - FF/Latch <display_3> (without init value) has a constant value of 1 in block <seletorDisplay>. This FF/Latch will be trimmed during the optimization process.
WARNING:Xst:1293 - FF/Latch <i_2> has a constant value of 0 in block <seletorDisplay>. This FF/Latch will be trimmed during the optimization process.
INFO:Xst:2261 - The FF/Latch <i_1> in Unit <seletorDisplay> is equivalent to the following FF/Latch, which will be removed : <display_0> 
INFO:Xst:2261 - The FF/Latch <i_0> in Unit <seletorDisplay> is equivalent to the following FF/Latch, which will be removed : <display_1> 
WARNING:Xst:1293 - FF/Latch <i_2> has a constant value of 0 in block <seletorDisplay>. This FF/Latch will be trimmed during the optimization process.
INFO:Xst:2261 - The FF/Latch <i_1> in Unit <seletorDisplay> is equivalent to the following FF/Latch, which will be removed : <display_0> 

Optimizing unit <seletorNum> ...

Mapping all equations...
Building and optimizing final netlist ...
Found area constraint ratio of 100 (+ 5) on block top, actual ratio is 12.

Final Macro Processing ...

=========================================================================
Final Register Report

Macro Statistics
# Registers                                            : 60
 Flip-Flops                                            : 60

=========================================================================

=========================================================================
*                           Partition Report                            *
=========================================================================

Partition Implementation Status
-------------------------------

  No Partitions were found in this design.

-------------------------------

=========================================================================
*                            Final Report                               *
=========================================================================
Final Results
RTL Top Level Output File Name     : top.ngr
Top Level Output File Name         : top
Output Format                      : NGC
Optimization Goal                  : Speed
Keep Hierarchy                     : No

Design Statistics
# IOs                              : 14

Cell Usage :
# BELS                             : 380
#      GND                         : 1
#      INV                         : 8
#      LUT1                        : 79
#      LUT2                        : 47
#      LUT2_L                      : 2
#      LUT3                        : 16
#      LUT3_L                      : 1
#      LUT4                        : 48
#      LUT4_D                      : 2
#      MUXCY                       : 85
#      MUXF5                       : 8
#      VCC                         : 1
#      XORCY                       : 82
# FlipFlops/Latches                : 64
#      FD                          : 1
#      FDC                         : 46
#      FDCE                        : 1
#      FDE                         : 8
#      FDP                         : 2
#      FDS                         : 2
#      LD                          : 4
# Clock Buffers                    : 1
#      BUFGP                       : 1
# IO Buffers                       : 13
#      IBUF                        : 1
#      OBUF                        : 12
=========================================================================

Device utilization summary:
---------------------------

Selected Device : 3s100ecp132-4 

 Number of Slices:                      107  out of    960    11%  
 Number of Slice Flip Flops:             64  out of   1920     3%  
 Number of 4 input LUTs:                203  out of   1920    10%  
 Number of IOs:                          14
 Number of bonded IOBs:                  14  out of     83    16%  
 Number of GCLKs:                         1  out of     24     4%  

---------------------------
Partition Resource Summary:
---------------------------

  No Partitions were found in this design.

---------------------------


=========================================================================
TIMING REPORT

NOTE: THESE TIMING NUMBERS ARE ONLY A SYNTHESIS ESTIMATE.
      FOR ACCURATE TIMING INFORMATION PLEASE REFER TO THE TRACE REPORT
      GENERATED AFTER PLACE-and-ROUTE.

Clock Information:
------------------
---------------------------------------+------------------------+-------+
Clock Signal                           | Clock buffer(FF name)  | Load  |
---------------------------------------+------------------------+-------+
mclk                                   | BUFGP                  | 57    |
map_1/clk                              | NONE(map_3/i_1)        | 3     |
map_4/num_not0001(map_4/num_not00011:O)| NONE(*)(map_4/num_3)   | 4     |
---------------------------------------+------------------------+-------+
(*) This 1 clock signal(s) are generated by combinatorial logic,
and XST is not able to identify which are the primary clock signals.
Please use the CLOCK_SIGNAL constraint to specify the clock signal(s) generated by combinatorial logic.
INFO:Xst:2169 - HDL ADVISOR - Some clock signals were not automatically buffered by XST with BUFG/BUFR resources. Please use the buffer_type constraint in order to insert these buffers to the clock signals to help prevent skew problems.

Asynchronous Control Signals Information:
----------------------------------------
-----------------------------------+------------------------+-------+
Control Signal                     | Buffer(FF name)        | Load  |
-----------------------------------+------------------------+-------+
reset                              | IBUF                   | 49    |
-----------------------------------+------------------------+-------+

Timing Summary:
---------------
Speed Grade: -4

   Minimum period: 8.999ns (Maximum Frequency: 111.121MHz)
   Minimum input arrival time before clock: 4.502ns
   Maximum output required time after clock: 5.955ns
   Maximum combinational path delay: No path found

Timing Detail:
--------------
All values displayed in nanoseconds (ns)

=========================================================================
Timing constraint: Default period analysis for Clock 'mclk'
  Clock period: 8.999ns (frequency: 111.121MHz)
  Total number of paths / destination ports: 15744 / 58
-------------------------------------------------------------------------
Delay:               8.999ns (Levels of Logic = 28)
  Source:            map_2/i_1 (FF)
  Destination:       map_2/i_0 (FF)
  Source Clock:      mclk rising
  Destination Clock: mclk rising

  Data Path: map_2/i_1 to map_2/i_0
                                Gate     Net
    Cell:in->out      fanout   Delay   Delay  Logical Name (Net Name)
    ----------------------------------------  ------------
     FDC:C->Q              2   0.591   0.622  map_2/i_1 (map_2/i_1)
     LUT1:I0->O            1   0.704   0.000  map_2/Madd_contador_add0000_cy<1>_rt (map_2/Madd_contador_add0000_cy<1>_rt)
     MUXCY:S->O            1   0.464   0.000  map_2/Madd_contador_add0000_cy<1> (map_2/Madd_contador_add0000_cy<1>)
     MUXCY:CI->O           1   0.059   0.000  map_2/Madd_contador_add0000_cy<2> (map_2/Madd_contador_add0000_cy<2>)
     MUXCY:CI->O           1   0.059   0.000  map_2/Madd_contador_add0000_cy<3> (map_2/Madd_contador_add0000_cy<3>)
     MUXCY:CI->O           1   0.059   0.000  map_2/Madd_contador_add0000_cy<4> (map_2/Madd_contador_add0000_cy<4>)
     MUXCY:CI->O           1   0.059   0.000  map_2/Madd_contador_add0000_cy<5> (map_2/Madd_contador_add0000_cy<5>)
     MUXCY:CI->O           1   0.059   0.000  map_2/Madd_contador_add0000_cy<6> (map_2/Madd_contador_add0000_cy<6>)
     MUXCY:CI->O           1   0.059   0.000  map_2/Madd_contador_add0000_cy<7> (map_2/Madd_contador_add0000_cy<7>)
     MUXCY:CI->O           1   0.059   0.000  map_2/Madd_contador_add0000_cy<8> (map_2/Madd_contador_add0000_cy<8>)
     MUXCY:CI->O           1   0.059   0.000  map_2/Madd_contador_add0000_cy<9> (map_2/Madd_contador_add0000_cy<9>)
     MUXCY:CI->O           1   0.059   0.000  map_2/Madd_contador_add0000_cy<10> (map_2/Madd_contador_add0000_cy<10>)
     MUXCY:CI->O           1   0.059   0.000  map_2/Madd_contador_add0000_cy<11> (map_2/Madd_contador_add0000_cy<11>)
     MUXCY:CI->O           1   0.059   0.000  map_2/Madd_contador_add0000_cy<12> (map_2/Madd_contador_add0000_cy<12>)
     MUXCY:CI->O           1   0.059   0.000  map_2/Madd_contador_add0000_cy<13> (map_2/Madd_contador_add0000_cy<13>)
     MUXCY:CI->O           1   0.059   0.000  map_2/Madd_contador_add0000_cy<14> (map_2/Madd_contador_add0000_cy<14>)
     MUXCY:CI->O           1   0.059   0.000  map_2/Madd_contador_add0000_cy<15> (map_2/Madd_contador_add0000_cy<15>)
     MUXCY:CI->O           1   0.059   0.000  map_2/Madd_contador_add0000_cy<16> (map_2/Madd_contador_add0000_cy<16>)
     MUXCY:CI->O           1   0.059   0.000  map_2/Madd_contador_add0000_cy<17> (map_2/Madd_contador_add0000_cy<17>)
     XORCY:CI->O           1   0.804   0.595  map_2/Madd_contador_add0000_xor<18> (map_2/contador_add0000<18>)
     LUT1:I0->O            1   0.704   0.000  map_2/i_cmp_eq0000_wg_cy<0>_rt (map_2/i_cmp_eq0000_wg_cy<0>_rt)
     MUXCY:S->O            1   0.464   0.000  map_2/i_cmp_eq0000_wg_cy<0> (map_2/i_cmp_eq0000_wg_cy<0>)
     MUXCY:CI->O           1   0.059   0.000  map_2/i_cmp_eq0000_wg_cy<1> (map_2/i_cmp_eq0000_wg_cy<1>)
     MUXCY:CI->O           1   0.059   0.000  map_2/i_cmp_eq0000_wg_cy<2> (map_2/i_cmp_eq0000_wg_cy<2>)
     MUXCY:CI->O           1   0.059   0.000  map_2/i_cmp_eq0000_wg_cy<3> (map_2/i_cmp_eq0000_wg_cy<3>)
     MUXCY:CI->O           1   0.059   0.000  map_2/i_cmp_eq0000_wg_cy<4> (map_2/i_cmp_eq0000_wg_cy<4>)
     MUXCY:CI->O           1   0.059   0.000  map_2/i_cmp_eq0000_wg_cy<5> (map_2/i_cmp_eq0000_wg_cy<5>)
     MUXCY:CI->O          32   0.459   1.341  map_2/i_cmp_eq0000_wg_cy<6> (map_2/i_cmp_eq0000)
     LUT2:I1->O            1   0.704   0.000  map_2/Mcount_i_eqn_91 (map_2/Mcount_i_eqn_9)
     FDC:D                     0.308          map_2/i_9
    ----------------------------------------
    Total                      8.999ns (6.441ns logic, 2.558ns route)
                                       (71.6% logic, 28.4% route)

=========================================================================
Timing constraint: Default period analysis for Clock 'map_1/clk'
  Clock period: 3.023ns (frequency: 330.797MHz)
  Total number of paths / destination ports: 6 / 5
-------------------------------------------------------------------------
Delay:               3.023ns (Levels of Logic = 1)
  Source:            map_3/i_0 (FF)
  Destination:       map_3/i_0 (FF)
  Source Clock:      map_1/clk rising
  Destination Clock: map_1/clk rising

  Data Path: map_3/i_0 to map_3/i_0
                                Gate     Net
    Cell:in->out      fanout   Delay   Delay  Logical Name (Net Name)
    ----------------------------------------  ------------
     FDS:C->Q             14   0.591   1.000  map_3/i_0 (map_3/i_0)
     INV:I->O              1   0.704   0.420  map_3/N211_INV_0 (map_3/N21)
     FDS:D                     0.308          map_3/i_0
    ----------------------------------------
    Total                      3.023ns (1.603ns logic, 1.420ns route)
                                       (53.0% logic, 47.0% route)

=========================================================================
Timing constraint: Default OFFSET IN BEFORE for Clock 'mclk'
  Total number of paths / destination ports: 8 / 8
-------------------------------------------------------------------------
Offset:              4.502ns (Levels of Logic = 2)
  Source:            reset (PAD)
  Destination:       map_1/clk (FF)
  Destination Clock: mclk rising

  Data Path: reset to map_1/clk
                                Gate     Net
    Cell:in->out      fanout   Delay   Delay  Logical Name (Net Name)
    ----------------------------------------  ------------
     IBUF:I->O            50   1.218   1.268  reset_IBUF (reset_IBUF)
     INV:I->O              8   0.704   0.757  map_1/reset_inv1_INV_0 (map_1/reset_inv)
     FDE:CE                    0.555          map_1/clk
    ----------------------------------------
    Total                      4.502ns (2.477ns logic, 2.025ns route)
                                       (55.0% logic, 45.0% route)

=========================================================================
Timing constraint: Default OFFSET OUT AFTER for Clock 'mclk'
  Total number of paths / destination ports: 1 / 1
-------------------------------------------------------------------------
Offset:              4.450ns (Levels of Logic = 1)
  Source:            map_1/clk (FF)
  Destination:       clock (PAD)
  Source Clock:      mclk rising

  Data Path: map_1/clk to clock
                                Gate     Net
    Cell:in->out      fanout   Delay   Delay  Logical Name (Net Name)
    ----------------------------------------  ------------
     FDE:C->Q              4   0.591   0.587  map_1/clk (map_1/clk)
     OBUF:I->O                 3.272          clock_OBUF (clock)
    ----------------------------------------
    Total                      4.450ns (3.863ns logic, 0.587ns route)
                                       (86.8% logic, 13.2% route)

=========================================================================
Timing constraint: Default OFFSET OUT AFTER for Clock 'map_1/clk'
  Total number of paths / destination ports: 3 / 3
-------------------------------------------------------------------------
Offset:              4.863ns (Levels of Logic = 1)
  Source:            map_3/i_0 (FF)
  Destination:       display<1> (PAD)
  Source Clock:      map_1/clk rising

  Data Path: map_3/i_0 to display<1>
                                Gate     Net
    Cell:in->out      fanout   Delay   Delay  Logical Name (Net Name)
    ----------------------------------------  ------------
     FDS:C->Q             14   0.591   1.000  map_3/i_0 (map_3/i_0)
     OBUF:I->O                 3.272          display_1_OBUF (display<1>)
    ----------------------------------------
    Total                      4.863ns (3.863ns logic, 1.000ns route)
                                       (79.4% logic, 20.6% route)

=========================================================================
Timing constraint: Default OFFSET OUT AFTER for Clock 'map_4/num_not0001'
  Total number of paths / destination ports: 28 / 7
-------------------------------------------------------------------------
Offset:              5.955ns (Levels of Logic = 2)
  Source:            map_4/num_1 (LATCH)
  Destination:       seg7<6> (PAD)
  Source Clock:      map_4/num_not0001 falling

  Data Path: map_4/num_1 to seg7<6>
                                Gate     Net
    Cell:in->out      fanout   Delay   Delay  Logical Name (Net Name)
    ----------------------------------------  ------------
     LD:G->Q               7   0.676   0.883  map_4/num_1 (map_4/num_1)
     LUT4:I0->O            1   0.704   0.420  map_5/Mrom_seg741 (seg7_4_OBUF)
     OBUF:I->O                 3.272          seg7_4_OBUF (seg7<4>)
    ----------------------------------------
    Total                      5.955ns (4.652ns logic, 1.303ns route)
                                       (78.1% logic, 21.9% route)

=========================================================================


Total REAL time to Xst completion: 15.00 secs
Total CPU time to Xst completion: 15.01 secs
 
--> 

Total memory usage is 4535036 kilobytes

Number of errors   :    0 (   0 filtered)
Number of warnings :   27 (   0 filtered)
Number of infos    :    7 (   0 filtered)

