Command line:
   tb_impar_isim_beh.exe
     -simmode  gui
     -simrunnum  0
     -socket  56103

Sat Oct 13 22:30:45 2018


 Elaboration Time: 0.0625 sec

 Current Memory Usage: 5331.35 Meg

 Total Signals          : 5
 Total Nets             : 7
 Total Signal Drivers   : 5
 Total Blocks           : 6
 Total Primitive Blocks : 4
 Total Processes        : 5
 Total Traceable Variables  : 17
 Total Scalar Nets and Variables : 494
Total Line Count : 6

 Total Simulation Time: 0.078125 sec

 Current Memory Usage: 5174.06 Meg

Sat Oct 13 22:33:22 2018

