Command line:
   tb_pacotes3_isim_beh.exe
     -simmode  gui
     -simrunnum  0
     -socket  62980

Mon Oct 22 17:23:23 2018


 Elaboration Time: 0.015625 sec

 Current Memory Usage: 5173.69 Meg

 Total Signals          : 9
 Total Nets             : 13
 Total Signal Drivers   : 3
 Total Blocks           : 6
 Total Primitive Blocks : 4
 Total Processes        : 2
 Total Traceable Variables  : 16
 Total Scalar Nets and Variables : 499
Total Line Count : 6

 Total Simulation Time: 0.0625 sec

 Current Memory Usage: 5016.4 Meg

Mon Oct 22 18:06:08 2018

