Command line:
   impar_isim_beh.exe
     -simmode  gui
     -simrunnum  0
     -socket  61938

Mon Oct 15 20:04:24 2018


 Elaboration Time: 0.09375 sec

 Current Memory Usage: 5174.22 Meg

 Total Signals          : 3
 Total Nets             : 7
 Total Signal Drivers   : 4
 Total Blocks           : 5
 Total Primitive Blocks : 4
 Total Processes        : 4
 Total Traceable Variables  : 16
 Total Scalar Nets and Variables : 493
Total Line Count : 3

 Total Simulation Time: 0.171875 sec

 Current Memory Usage: 5016.93 Meg

Mon Oct 15 20:05:33 2018

