Command line:
   tbsubtrator_isim_beh.exe
     -simmode  gui
     -simrunnum  0
     -socket  53695

Wed Sep 12 19:55:03 2018


 Elaboration Time: 0.046875 sec

 Current Memory Usage: 5173.7 Meg

 Total Signals          : 9
 Total Nets             : 22
 Total Signal Drivers   : 6
 Total Blocks           : 4
 Total Primitive Blocks : 3
 Total Processes        : 5
 Total Traceable Variables  : 13
 Total Scalar Nets and Variables : 505
Total Line Count : 9

 Total Simulation Time: 0.109375 sec

 Current Memory Usage: 5173.7 Meg

Wed Sep 12 20:01:11 2018

