Release 14.7 - xst P.20131013 (nt64)
Copyright (c) 1995-2013 Xilinx, Inc.  All rights reserved.
--> Parameter TMPDIR set to xst/projnav.tmp


Total REAL time to Xst completion: 0.00 secs
Total CPU time to Xst completion: 0.12 secs
 
--> Parameter xsthdpdir set to xst


Total REAL time to Xst completion: 0.00 secs
Total CPU time to Xst completion: 0.12 secs
 
--> Reading design: top.prj

TABLE OF CONTENTS
  1) Synthesis Options Summary
  2) HDL Compilation
  3) Design Hierarchy Analysis
  4) HDL Analysis
  5) HDL Synthesis
     5.1) HDL Synthesis Report
  6) Advanced HDL Synthesis
     6.1) Advanced HDL Synthesis Report
  7) Low Level Synthesis
  8) Partition Report
  9) Final Report
	9.1) Device utilization summary
	9.2) Partition Resource Summary
	9.3) TIMING REPORT


=========================================================================
*                      Synthesis Options Summary                        *
=========================================================================
---- Source Parameters
Input File Name                    : "top.prj"
Input Format                       : mixed
Ignore Synthesis Constraint File   : NO

---- Target Parameters
Output File Name                   : "top"
Output Format                      : NGC
Target Device                      : xc3s100e-4-cp132

---- Source Options
Top Module Name                    : top
Automatic FSM Extraction           : YES
FSM Encoding Algorithm             : Auto
Safe Implementation                : No
FSM Style                          : LUT
RAM Extraction                     : Yes
RAM Style                          : Auto
ROM Extraction                     : Yes
Mux Style                          : Auto
Decoder Extraction                 : YES
Priority Encoder Extraction        : Yes
Shift Register Extraction          : YES
Logical Shifter Extraction         : YES
XOR Collapsing                     : YES
ROM Style                          : Auto
Mux Extraction                     : Yes
Resource Sharing                   : YES
Asynchronous To Synchronous        : NO
Multiplier Style                   : Auto
Automatic Register Balancing       : No

---- Target Options
Add IO Buffers                     : YES
Global Maximum Fanout              : 100000
Add Generic Clock Buffer(BUFG)     : 24
Register Duplication               : YES
Slice Packing                      : YES
Optimize Instantiated Primitives   : NO
Use Clock Enable                   : Yes
Use Synchronous Set                : Yes
Use Synchronous Reset              : Yes
Pack IO Registers into IOBs        : Auto
Equivalent register Removal        : YES

---- General Options
Optimization Goal                  : Speed
Optimization Effort                : 1
Keep Hierarchy                     : No
Netlist Hierarchy                  : As_Optimized
RTL Output                         : Yes
Global Optimization                : AllClockNets
Read Cores                         : YES
Write Timing Constraints           : NO
Cross Clock Analysis               : NO
Hierarchy Separator                : /
Bus Delimiter                      : <>
Case Specifier                     : Maintain
Slice Utilization Ratio            : 100
BRAM Utilization Ratio             : 100
Verilog 2001                       : YES
Auto BRAM Packing                  : NO
Slice Utilization Ratio Delta      : 5

=========================================================================


=========================================================================
*                          HDL Compilation                              *
=========================================================================
WARNING:HDLParsers:3607 - Unit work/top is now defined in a different file.  It was defined in "C:/Users/Iury/Desktop/logica1107/logica1107/detector137/top.vhd", and is now defined in "C:/.Xilinx/detector137/top.vhd".
WARNING:HDLParsers:3607 - Unit work/top/arq is now defined in a different file.  It was defined in "C:/Users/Iury/Desktop/logica1107/logica1107/detector137/top.vhd", and is now defined in "C:/.Xilinx/detector137/top.vhd".
WARNING:HDLParsers:3607 - Unit work/MaquinaEstados is now defined in a different file.  It was defined in "C:/Users/Iury/Desktop/logica1107/logica1107/detector137/MaquinaEstados.vhd", and is now defined in "C:/.Xilinx/detector137/MaquinaEstados.vhd".
WARNING:HDLParsers:3607 - Unit work/MaquinaEstados/arq is now defined in a different file.  It was defined in "C:/Users/Iury/Desktop/logica1107/logica1107/detector137/MaquinaEstados.vhd", and is now defined in "C:/.Xilinx/detector137/MaquinaEstados.vhd".
WARNING:HDLParsers:3607 - Unit work/meu_pacote is now defined in a different file.  It was defined in "C:/Users/Iury/Desktop/logica1107/logica1107/detector137/meu_pacote.vhd", and is now defined in "C:/.Xilinx/detector137/meu_pacote.vhd".
Compiling vhdl file "C:/.Xilinx/detector137/meu_pacote.vhd" in Library work.
Compiling vhdl file "C:/.Xilinx/detector137/MaquinaEstados.vhd" in Library work.
Architecture arq of Entity maquinaestados is up to date.
Compiling vhdl file "C:/.Xilinx/detector137/top.vhd" in Library work.
Architecture arq of Entity top is up to date.

=========================================================================
*                     Design Hierarchy Analysis                         *
=========================================================================
Analyzing hierarchy for entity <top> in library <work> (architecture <arq>).

Analyzing hierarchy for entity <MaquinaEstados> in library <work> (architecture <arq>).


=========================================================================
*                            HDL Analysis                               *
=========================================================================
Analyzing Entity <top> in library <work> (Architecture <arq>).
Entity <top> analyzed. Unit <top> generated.

Analyzing Entity <MaquinaEstados> in library <work> (Architecture <arq>).
Entity <MaquinaEstados> analyzed. Unit <MaquinaEstados> generated.


=========================================================================
*                           HDL Synthesis                               *
=========================================================================

Performing bidirectional port resolution...

Synthesizing Unit <MaquinaEstados>.
    Related source file is "C:/.Xilinx/detector137/MaquinaEstados.vhd".
    Found finite state machine <FSM_0> for signal <pr_state>.
    -----------------------------------------------------------------------
    | States             | 4                                              |
    | Transitions        | 12                                             |
    | Inputs             | 3                                              |
    | Outputs            | 4                                              |
    | Clock              | clk                       (rising_edge)        |
    | Reset              | rst                       (positive)           |
    | Reset type         | asynchronous                                   |
    | Reset State        | zero                                           |
    | Power Up State     | zero                                           |
    | Encoding           | automatic                                      |
    | Implementation     | LUT                                            |
    -----------------------------------------------------------------------
    Summary:
	inferred   1 Finite State Machine(s).
Unit <MaquinaEstados> synthesized.


Synthesizing Unit <top>.
    Related source file is "C:/.Xilinx/detector137/top.vhd".
Unit <top> synthesized.


=========================================================================
HDL Synthesis Report

Found no macro
=========================================================================

=========================================================================
*                       Advanced HDL Synthesis                          *
=========================================================================

Analyzing FSM <FSM_0> for best encoding.
Optimizing FSM <map_1/pr_state/FSM> on signal <pr_state[1:2]> with gray encoding.
-------------------
 State | Encoding
-------------------
 zero  | 00
 um    | 01
 dois  | 11
 tres  | 10
-------------------

=========================================================================
Advanced HDL Synthesis Report

Macro Statistics
# FSMs                                                 : 1

=========================================================================

=========================================================================
*                         Low Level Synthesis                           *
=========================================================================

Optimizing unit <top> ...

Mapping all equations...
Building and optimizing final netlist ...
Found area constraint ratio of 100 (+ 5) on block top, actual ratio is 0.

Final Macro Processing ...

=========================================================================
Final Register Report

Macro Statistics
# Registers                                            : 2
 Flip-Flops                                            : 2

=========================================================================

=========================================================================
*                           Partition Report                            *
=========================================================================

Partition Implementation Status
-------------------------------

  No Partitions were found in this design.

-------------------------------

=========================================================================
*                            Final Report                               *
=========================================================================
Final Results
RTL Top Level Output File Name     : top.ngr
Top Level Output File Name         : top
Output Format                      : NGC
Optimization Goal                  : Speed
Keep Hierarchy                     : No

Design Statistics
# IOs                              : 9

Cell Usage :
# BELS                             : 7
#      LUT2                        : 5
#      LUT4                        : 2
# FlipFlops/Latches                : 2
#      FDC                         : 2
# Clock Buffers                    : 1
#      BUFGP                       : 1
# IO Buffers                       : 8
#      IBUF                        : 4
#      OBUF                        : 4
=========================================================================

Device utilization summary:
---------------------------

Selected Device : 3s100ecp132-4 

 Number of Slices:                        4  out of    960     0%  
 Number of Slice Flip Flops:              2  out of   1920     0%  
 Number of 4 input LUTs:                  7  out of   1920     0%  
 Number of IOs:                           9
 Number of bonded IOBs:                   9  out of     83    10%  
 Number of GCLKs:                         1  out of     24     4%  

---------------------------
Partition Resource Summary:
---------------------------

  No Partitions were found in this design.

---------------------------


=========================================================================
TIMING REPORT

NOTE: THESE TIMING NUMBERS ARE ONLY A SYNTHESIS ESTIMATE.
      FOR ACCURATE TIMING INFORMATION PLEASE REFER TO THE TRACE REPORT
      GENERATED AFTER PLACE-and-ROUTE.

Clock Information:
------------------
-----------------------------------+------------------------+-------+
Clock Signal                       | Clock buffer(FF name)  | Load  |
-----------------------------------+------------------------+-------+
mclk                               | BUFGP                  | 2     |
-----------------------------------+------------------------+-------+

Asynchronous Control Signals Information:
----------------------------------------
-----------------------------------+------------------------+-------+
Control Signal                     | Buffer(FF name)        | Load  |
-----------------------------------+------------------------+-------+
reset                              | IBUF                   | 2     |
-----------------------------------+------------------------+-------+

Timing Summary:
---------------
Speed Grade: -4

   Minimum period: 2.276ns (Maximum Frequency: 439.367MHz)
   Minimum input arrival time before clock: 4.055ns
   Maximum output required time after clock: 5.831ns
   Maximum combinational path delay: No path found

Timing Detail:
--------------
All values displayed in nanoseconds (ns)

=========================================================================
Timing constraint: Default period analysis for Clock 'mclk'
  Clock period: 2.276ns (frequency: 439.367MHz)
  Total number of paths / destination ports: 3 / 2
-------------------------------------------------------------------------
Delay:               2.276ns (Levels of Logic = 1)
  Source:            map_1/pr_state_FSM_FFd2 (FF)
  Destination:       map_1/pr_state_FSM_FFd1 (FF)
  Source Clock:      mclk rising
  Destination Clock: mclk rising

  Data Path: map_1/pr_state_FSM_FFd2 to map_1/pr_state_FSM_FFd1
                                Gate     Net
    Cell:in->out      fanout   Delay   Delay  Logical Name (Net Name)
    ----------------------------------------  ------------
     FDC:C->Q              6   0.591   0.673  map_1/pr_state_FSM_FFd2 (map_1/pr_state_FSM_FFd2)
     LUT4:I3->O            1   0.704   0.000  map_1/pr_state_FSM_FFd2-In1 (map_1/pr_state_FSM_FFd2-In)
     FDC:D                     0.308          map_1/pr_state_FSM_FFd2
    ----------------------------------------
    Total                      2.276ns (1.603ns logic, 0.673ns route)
                                       (70.4% logic, 29.6% route)

=========================================================================
Timing constraint: Default OFFSET IN BEFORE for Clock 'mclk'
  Total number of paths / destination ports: 6 / 2
-------------------------------------------------------------------------
Offset:              4.055ns (Levels of Logic = 3)
  Source:            vetor<1> (PAD)
  Destination:       map_1/pr_state_FSM_FFd1 (FF)
  Destination Clock: mclk rising

  Data Path: vetor<1> to map_1/pr_state_FSM_FFd1
                                Gate     Net
    Cell:in->out      fanout   Delay   Delay  Logical Name (Net Name)
    ----------------------------------------  ------------
     IBUF:I->O             2   1.218   0.622  vetor_1_IBUF (vetor_1_IBUF)
     LUT2:I0->O            1   0.704   0.499  map_1/pr_state_FSM_FFd1-In_SW0 (N2)
     LUT4:I1->O            1   0.704   0.000  map_1/pr_state_FSM_FFd1-In (map_1/pr_state_FSM_FFd1-In)
     FDC:D                     0.308          map_1/pr_state_FSM_FFd1
    ----------------------------------------
    Total                      4.055ns (2.934ns logic, 1.121ns route)
                                       (72.4% logic, 27.6% route)

=========================================================================
Timing constraint: Default OFFSET OUT AFTER for Clock 'mclk'
  Total number of paths / destination ports: 8 / 4
-------------------------------------------------------------------------
Offset:              5.831ns (Levels of Logic = 2)
  Source:            map_1/pr_state_FSM_FFd2 (FF)
  Destination:       LEDS<3> (PAD)
  Source Clock:      mclk rising

  Data Path: map_1/pr_state_FSM_FFd2 to LEDS<3>
                                Gate     Net
    Cell:in->out      fanout   Delay   Delay  Logical Name (Net Name)
    ----------------------------------------  ------------
     FDC:C->Q              6   0.591   0.844  map_1/pr_state_FSM_FFd2 (map_1/pr_state_FSM_FFd2)
     LUT2:I0->O            1   0.704   0.420  map_1/pr_state_FSM_Out31 (LEDS_3_OBUF)
     OBUF:I->O                 3.272          LEDS_3_OBUF (LEDS<3>)
    ----------------------------------------
    Total                      5.831ns (4.567ns logic, 1.264ns route)
                                       (78.3% logic, 21.7% route)

=========================================================================


Total REAL time to Xst completion: 5.00 secs
Total CPU time to Xst completion: 5.16 secs
 
--> 

Total memory usage is 4534512 kilobytes

Number of errors   :    0 (   0 filtered)
Number of warnings :    5 (   0 filtered)
Number of infos    :    0 (   0 filtered)

