Command line:
   tb_comparador_isim_beh.exe
     -simmode  gui
     -simrunnum  0
     -socket  53078

Wed Aug 29 19:17:03 2018


 Elaboration Time: 0.078125 sec

 Current Memory Usage: 5173.58 Meg

 Total Signals          : 6
 Total Nets             : 3
 Total Signal Drivers   : 3
 Total Blocks           : 3
 Total Primitive Blocks : 2
 Total Processes        : 2
 Total Traceable Variables  : 8
 Total Scalar Nets and Variables : 363
Total Line Count : 5

 Total Simulation Time: 0.109375 sec

 Current Memory Usage: 5016.3 Meg

Wed Aug 29 19:18:51 2018

