Release 14.7 - xst P.20131013 (nt64)
Copyright (c) 1995-2013 Xilinx, Inc.  All rights reserved.
--> Parameter TMPDIR set to xst/projnav.tmp


Total REAL time to Xst completion: 0.00 secs
Total CPU time to Xst completion: 0.12 secs
 
--> Parameter xsthdpdir set to xst


Total REAL time to Xst completion: 0.00 secs
Total CPU time to Xst completion: 0.12 secs
 
--> Reading design: top.prj

TABLE OF CONTENTS
  1) Synthesis Options Summary
  2) HDL Compilation
  3) Design Hierarchy Analysis
  4) HDL Analysis
  5) HDL Synthesis
     5.1) HDL Synthesis Report
  6) Advanced HDL Synthesis
     6.1) Advanced HDL Synthesis Report
  7) Low Level Synthesis
  8) Partition Report
  9) Final Report
	9.1) Device utilization summary
	9.2) Partition Resource Summary
	9.3) TIMING REPORT


=========================================================================
*                      Synthesis Options Summary                        *
=========================================================================
---- Source Parameters
Input File Name                    : "top.prj"
Input Format                       : mixed
Ignore Synthesis Constraint File   : NO

---- Target Parameters
Output File Name                   : "top"
Output Format                      : NGC
Target Device                      : xc3s100e-4-cp132

---- Source Options
Top Module Name                    : top
Automatic FSM Extraction           : YES
FSM Encoding Algorithm             : Auto
Safe Implementation                : No
FSM Style                          : LUT
RAM Extraction                     : Yes
RAM Style                          : Auto
ROM Extraction                     : Yes
Mux Style                          : Auto
Decoder Extraction                 : YES
Priority Encoder Extraction        : Yes
Shift Register Extraction          : YES
Logical Shifter Extraction         : YES
XOR Collapsing                     : YES
ROM Style                          : Auto
Mux Extraction                     : Yes
Resource Sharing                   : YES
Asynchronous To Synchronous        : NO
Multiplier Style                   : Auto
Automatic Register Balancing       : No

---- Target Options
Add IO Buffers                     : YES
Global Maximum Fanout              : 100000
Add Generic Clock Buffer(BUFG)     : 24
Register Duplication               : YES
Slice Packing                      : YES
Optimize Instantiated Primitives   : NO
Use Clock Enable                   : Yes
Use Synchronous Set                : Yes
Use Synchronous Reset              : Yes
Pack IO Registers into IOBs        : Auto
Equivalent register Removal        : YES

---- General Options
Optimization Goal                  : Speed
Optimization Effort                : 1
Keep Hierarchy                     : No
Netlist Hierarchy                  : As_Optimized
RTL Output                         : Yes
Global Optimization                : AllClockNets
Read Cores                         : YES
Write Timing Constraints           : NO
Cross Clock Analysis               : NO
Hierarchy Separator                : /
Bus Delimiter                      : <>
Case Specifier                     : Maintain
Slice Utilization Ratio            : 100
BRAM Utilization Ratio             : 100
Verilog 2001                       : YES
Auto BRAM Packing                  : NO
Slice Utilization Ratio Delta      : 5

=========================================================================


=========================================================================
*                          HDL Compilation                              *
=========================================================================
Compiling vhdl file "C:/.Xilinx/detector123_2/meu_pacote.vhd" in Library work.
Compiling vhdl file "C:/.Xilinx/detector123_2/MaquinaEstados.vhd" in Library work.
Entity <maquinaestados> compiled.
Entity <maquinaestados> (Architecture <arq>) compiled.
Compiling vhdl file "C:/.Xilinx/detector123_2/top.vhd" in Library work.
Architecture arq of Entity top is up to date.

=========================================================================
*                     Design Hierarchy Analysis                         *
=========================================================================
Analyzing hierarchy for entity <top> in library <work> (architecture <arq>).

Analyzing hierarchy for entity <MaquinaEstados> in library <work> (architecture <arq>).


=========================================================================
*                            HDL Analysis                               *
=========================================================================
Analyzing Entity <top> in library <work> (Architecture <arq>).
Entity <top> analyzed. Unit <top> generated.

Analyzing Entity <MaquinaEstados> in library <work> (Architecture <arq>).
Entity <MaquinaEstados> analyzed. Unit <MaquinaEstados> generated.


=========================================================================
*                           HDL Synthesis                               *
=========================================================================

Performing bidirectional port resolution...

Synthesizing Unit <MaquinaEstados>.
    Related source file is "C:/.Xilinx/detector123_2/MaquinaEstados.vhd".
    Using one-hot encoding for signal <pr_state>.
WARNING:Xst:737 - Found 10-bit latch for signal <nx_state>. Latches may be generated from incomplete case or if statements. We do not recommend the use of latches in FPGA/CPLD designs, as they may lead to timing problems.
INFO:Xst:2371 - HDL ADVISOR - Logic functions respectively driving the data and gate enable inputs of this latch share common terms. This situation will potentially lead to setup/hold violations and, as a result, to simulation problems. This situation may come from an incomplete case statement (all selector values are not covered). You should carefully review if it was in your intentions to describe such a latch.
    Found 10-bit register for signal <pr_state>.
Unit <MaquinaEstados> synthesized.


Synthesizing Unit <top>.
    Related source file is "C:/.Xilinx/detector123_2/top.vhd".
Unit <top> synthesized.


=========================================================================
HDL Synthesis Report

Macro Statistics
# Registers                                            : 1
 10-bit register                                       : 1
# Latches                                              : 1
 10-bit latch                                          : 1

=========================================================================

=========================================================================
*                       Advanced HDL Synthesis                          *
=========================================================================


=========================================================================
Advanced HDL Synthesis Report

Macro Statistics
# Registers                                            : 10
 Flip-Flops                                            : 10
# Latches                                              : 1
 10-bit latch                                          : 1

=========================================================================

=========================================================================
*                         Low Level Synthesis                           *
=========================================================================

Optimizing unit <top> ...

Optimizing unit <MaquinaEstados> ...
WARNING:Xst:1294 - Latch <nx_state_0> is equivalent to a wire in block <MaquinaEstados>.
WARNING:Xst:1294 - Latch <nx_state_1> is equivalent to a wire in block <MaquinaEstados>.
WARNING:Xst:1294 - Latch <nx_state_2> is equivalent to a wire in block <MaquinaEstados>.
WARNING:Xst:1294 - Latch <nx_state_3> is equivalent to a wire in block <MaquinaEstados>.
WARNING:Xst:1294 - Latch <nx_state_4> is equivalent to a wire in block <MaquinaEstados>.
WARNING:Xst:1294 - Latch <nx_state_5> is equivalent to a wire in block <MaquinaEstados>.
WARNING:Xst:1294 - Latch <nx_state_6> is equivalent to a wire in block <MaquinaEstados>.
WARNING:Xst:1294 - Latch <nx_state_7> is equivalent to a wire in block <MaquinaEstados>.
WARNING:Xst:1294 - Latch <nx_state_8> is equivalent to a wire in block <MaquinaEstados>.
WARNING:Xst:1294 - Latch <nx_state_9> is equivalent to a wire in block <MaquinaEstados>.

Mapping all equations...
Building and optimizing final netlist ...
Found area constraint ratio of 100 (+ 5) on block top, actual ratio is 1.

Final Macro Processing ...

=========================================================================
Final Register Report

Macro Statistics
# Registers                                            : 10
 Flip-Flops                                            : 10

=========================================================================

=========================================================================
*                           Partition Report                            *
=========================================================================

Partition Implementation Status
-------------------------------

  No Partitions were found in this design.

-------------------------------

=========================================================================
*                            Final Report                               *
=========================================================================
Final Results
RTL Top Level Output File Name     : top.ngr
Top Level Output File Name         : top
Output Format                      : NGC
Optimization Goal                  : Speed
Keep Hierarchy                     : No

Design Statistics
# IOs                              : 8

Cell Usage :
# BELS                             : 22
#      LUT2                        : 3
#      LUT2_L                      : 1
#      LUT3                        : 1
#      LUT3_D                      : 1
#      LUT4                        : 12
#      LUT4_L                      : 2
#      MUXF5                       : 1
#      VCC                         : 1
# FlipFlops/Latches                : 10
#      FDC                         : 9
#      FDP                         : 1
# Clock Buffers                    : 1
#      BUFGP                       : 1
# IO Buffers                       : 7
#      IBUF                        : 3
#      OBUF                        : 4
=========================================================================

Device utilization summary:
---------------------------

Selected Device : 3s100ecp132-4 

 Number of Slices:                       11  out of    960     1%  
 Number of Slice Flip Flops:             10  out of   1920     0%  
 Number of 4 input LUTs:                 20  out of   1920     1%  
 Number of IOs:                           8
 Number of bonded IOBs:                   8  out of     83     9%  
 Number of GCLKs:                         1  out of     24     4%  

---------------------------
Partition Resource Summary:
---------------------------

  No Partitions were found in this design.

---------------------------


=========================================================================
TIMING REPORT

NOTE: THESE TIMING NUMBERS ARE ONLY A SYNTHESIS ESTIMATE.
      FOR ACCURATE TIMING INFORMATION PLEASE REFER TO THE TRACE REPORT
      GENERATED AFTER PLACE-and-ROUTE.

Clock Information:
------------------
-----------------------------------+------------------------+-------+
Clock Signal                       | Clock buffer(FF name)  | Load  |
-----------------------------------+------------------------+-------+
mclk                               | BUFGP                  | 10    |
-----------------------------------+------------------------+-------+

Asynchronous Control Signals Information:
----------------------------------------
-----------------------------------+------------------------+-------+
Control Signal                     | Buffer(FF name)        | Load  |
-----------------------------------+------------------------+-------+
reset                              | IBUF                   | 10    |
-----------------------------------+------------------------+-------+

Timing Summary:
---------------
Speed Grade: -4

   Minimum period: 4.245ns (Maximum Frequency: 235.571MHz)
   Minimum input arrival time before clock: 4.517ns
   Maximum output required time after clock: 6.070ns
   Maximum combinational path delay: No path found

Timing Detail:
--------------
All values displayed in nanoseconds (ns)

=========================================================================
Timing constraint: Default period analysis for Clock 'mclk'
  Clock period: 4.245ns (frequency: 235.571MHz)
  Total number of paths / destination ports: 35 / 10
-------------------------------------------------------------------------
Delay:               4.245ns (Levels of Logic = 3)
  Source:            map_1/pr_state_0 (FF)
  Destination:       map_1/pr_state_0 (FF)
  Source Clock:      mclk rising
  Destination Clock: mclk rising

  Data Path: map_1/pr_state_0 to map_1/pr_state_0
                                Gate     Net
    Cell:in->out      fanout   Delay   Delay  Logical Name (Net Name)
    ----------------------------------------  ------------
     FDP:C->Q              3   0.591   0.706  map_1/pr_state_0 (map_1/pr_state_0)
     LUT3_D:I0->O          1   0.704   0.424  map_1/nx_state_mux0011<0>121 (map_1/N111)
     LUT4_L:I3->LO         1   0.704   0.104  map_1/nx_state_mux0011<0>_SW1 (N10)
     LUT4:I3->O            1   0.704   0.000  map_1/nx_state_mux0011<0> (map_1/nx_state<0>)
     FDP:D                     0.308          map_1/pr_state_0
    ----------------------------------------
    Total                      4.245ns (3.011ns logic, 1.234ns route)
                                       (70.9% logic, 29.1% route)

=========================================================================
Timing constraint: Default OFFSET IN BEFORE for Clock 'mclk'
  Total number of paths / destination ports: 23 / 10
-------------------------------------------------------------------------
Offset:              4.517ns (Levels of Logic = 3)
  Source:            vetor<0> (PAD)
  Destination:       map_1/pr_state_2 (FF)
  Destination Clock: mclk rising

  Data Path: vetor<0> to map_1/pr_state_2
                                Gate     Net
    Cell:in->out      fanout   Delay   Delay  Logical Name (Net Name)
    ----------------------------------------  ------------
     IBUF:I->O            10   1.218   1.057  vetor_0_IBUF (vetor_0_IBUF)
     LUT2:I0->O            2   0.704   0.526  map_1/nx_state_mux0011<2>21 (map_1/nx_state_cmp_eq0001)
     LUT4:I1->O            1   0.704   0.000  map_1/nx_state_mux0011<4>1 (map_1/nx_state<4>)
     FDC:D                     0.308          map_1/pr_state_4
    ----------------------------------------
    Total                      4.517ns (2.934ns logic, 1.583ns route)
                                       (65.0% logic, 35.0% route)

=========================================================================
Timing constraint: Default OFFSET OUT AFTER for Clock 'mclk'
  Total number of paths / destination ports: 10 / 4
-------------------------------------------------------------------------
Offset:              6.070ns (Levels of Logic = 3)
  Source:            map_1/pr_state_8 (FF)
  Destination:       LEDS<2> (PAD)
  Source Clock:      mclk rising

  Data Path: map_1/pr_state_8 to LEDS<2>
                                Gate     Net
    Cell:in->out      fanout   Delay   Delay  Logical Name (Net Name)
    ----------------------------------------  ------------
     FDC:C->Q              4   0.591   0.762  map_1/pr_state_8 (map_1/pr_state_8)
     LUT4:I0->O            1   0.704   0.000  map_1/led<2>1 (map_1/led<2>)
     MUXF5:I0->O           1   0.321   0.420  map_1/led<2>_f5 (LEDS_2_OBUF)
     OBUF:I->O                 3.272          LEDS_2_OBUF (LEDS<2>)
    ----------------------------------------
    Total                      6.070ns (4.888ns logic, 1.182ns route)
                                       (80.5% logic, 19.5% route)

=========================================================================


Total REAL time to Xst completion: 5.00 secs
Total CPU time to Xst completion: 5.12 secs
 
--> 

Total memory usage is 4534448 kilobytes

Number of errors   :    0 (   0 filtered)
Number of warnings :   11 (   0 filtered)
Number of infos    :    1 (   0 filtered)

