Command line:
   tb_bg3_isim_beh.exe
     -simmode  gui
     -simrunnum  0
     -socket  49545

Wed Aug 29 19:24:18 2018


 Elaboration Time: 0.546003 sec

 Current Memory Usage: 1316.87 Meg

 Total Signals          : 12
 Total Nets             : 6
 Total Signal Drivers   : 6
 Total Blocks           : 3
 Total Primitive Blocks : 2
 Total Processes        : 4
 Total Traceable Variables  : 8
 Total Scalar Nets and Variables : 366
Total Line Count : 11

 Total Simulation Time: 0.546003 sec

 Current Memory Usage: 687.706 Meg

Wed Aug 29 20:03:02 2018

