Command line:
   tb_bingray4_isim_beh.exe
     -simmode  gui
     -simrunnum  0
     -socket  52550

Sun Oct 14 15:01:28 2018


 Elaboration Time: 0.046875 sec

 Current Memory Usage: 5331.34 Meg

 Total Signals          : 4
 Total Nets             : 8
 Total Signal Drivers   : 5
 Total Blocks           : 4
 Total Primitive Blocks : 3
 Total Processes        : 5
 Total Traceable Variables  : 13
 Total Scalar Nets and Variables : 491
Total Line Count : 7

 Total Simulation Time: 0.046875 sec

 Current Memory Usage: 5331.34 Meg

Sun Oct 14 15:01:57 2018

