Command line:
   tb_ccto_isim_beh.exe
     -simmode  gui
     -simrunnum  0
     -socket  49945

Sun Dec 02 17:42:38 2018


 Elaboration Time: 0.265625 sec

 Current Memory Usage: 819.765 Meg

 Total Signals          : 25
 Total Nets             : 23
 Total Signal Drivers   : 7
 Total Blocks           : 12
 Total Primitive Blocks : 10
 Total Processes        : 7
 Total Traceable Variables  : 19
 Total Scalar Nets and Variables : 528
Total Line Count : 40

 Total Simulation Time: 0.3125 sec

 Current Memory Usage: 347.906 Meg

Mon Dec 03 15:49:23 2018

